<?xml version="1.0" encoding="UTF-8"?>
<!-- Generated by org.testng.reporters.JUnitReportReporter -->
<testsuite hostname="SRUBISH-MBP15" name="com.googlerestapi.com.rest.GetJsonResponseTest" tests="1" failures="0" timestamp="4 Oct 2017 04:16:26 GMT" time="5.667" errors="0">
  <testcase name="test01" time="5.667" classname="com.googlerestapi.com.rest.GetJsonResponseTest"/>
</testsuite> <!-- com.googlerestapi.com.rest.GetJsonResponseTest -->
