<?xml version="1.0" encoding="UTF-8"?>
<!-- Generated by org.testng.reporters.JUnitReportReporter -->
<testsuite hostname="SRUBISH-MBP15" name="com.googlerestapi.com.rest.GetXmlTest" tests="1" failures="0" timestamp="4 Oct 2017 04:17:31 GMT" time="1.884" errors="0">
  <testcase name="test" time="1.884" classname="com.googlerestapi.com.rest.GetXmlTest"/>
</testsuite> <!-- com.googlerestapi.com.rest.GetXmlTest -->
