<?xml version="1.0" encoding="UTF-8"?>
<!-- Generated by org.testng.reporters.JUnitReportReporter -->
<testsuite hostname="SRUBISH-MBP15" name="com.googlerestapi.com.rest.GetStatusCodeTest" tests="2" failures="0" timestamp="4 Oct 2017 04:20:36 GMT" time="1.526" errors="0">
  <testcase name="testStatusCode" time="1.218" classname="com.googlerestapi.com.rest.GetStatusCodeTest"/>
  <testcase name="testStatusCodeRestAssured" time="0.308" classname="com.googlerestapi.com.rest.GetStatusCodeTest"/>
</testsuite> <!-- com.googlerestapi.com.rest.GetStatusCodeTest -->
